*** Using Compiler 'V5.06 update 7 (build 960)', folder: 'D:\Program Files\mcu\keil_mdk_arm\ARM\arm5_compiler\Bin'
Rebuild target 'custom-modbus-slave-master'
assembling startup_stm32f103xe.s...
compiling stm32f1xx_it.c...
compiling stm32f1xx_hal_rcc_ex.c...
compiling main.c...
compiling stm32f1xx_hal.c...
compiling tim.c...
compiling stm32f1xx_hal_msp.c...
compiling usart.c...
compiling gpio.c...
compiling stm32f1xx_hal_gpio_ex.c...
compiling stm32f1xx_hal_gpio.c...
compiling stm32f1xx_hal_rcc.c...
compiling stm32f1xx_hal_tim_ex.c...
compiling serial.c...
..\USER\Modbus\Inc\serialprotocol.h(33): warning:  #69-D: integer conversion resulted in truncation
  const unsigned char RTU_FRAME_CHAR_MAXIMUM_SIZE = RTU_FRAME_FUNCTION_CODE_CHAR_SIZE +
..\USER\Modbus\Inc\serialprotocol.h(39): warning:  #1-D: last line of file ends without a newline
  #endif
..\USER\Modbus\Src\serial.c(9): warning:  #1-D: last line of file ends without a newline
  }
..\USER\Modbus\Src\serial.c: 3 warnings, 0 errors
compiling rtuprotocol.c...
..\USER\Modbus\Inc\serialprotocol.h(33): warning:  #69-D: integer conversion resulted in truncation
  const unsigned char RTU_FRAME_CHAR_MAXIMUM_SIZE = RTU_FRAME_FUNCTION_CODE_CHAR_SIZE +
..\USER\Modbus\Inc\serialprotocol.h(39): warning:  #1-D: last line of file ends without a newline
  #endif
..\USER\Modbus\Src\rtu\rtuprotocol.c(6): warning:  #177-D: variable "frameReceivedFlag"  was declared but never referenced
  static unsigned char frameReceivedFlag = 0;
..\USER\Modbus\Src\rtu\rtuprotocol.c(12): warning:  #550-D: variable "address"  was set but never used
  static unsigned char address;
..\USER\Modbus\Src\rtu\rtuprotocol.c(14): warning:  #550-D: variable "workMode"  was set but never used
  static NodeWorkMode workMode;
..\USER\Modbus\Src\rtu\rtuprotocol.c(20): warning:  #177-D: variable "receivedCharBuffer"  was declared but never referenced
  static unsigned char receivedCharBuffer[256];
..\USER\Modbus\Src\rtu\rtuprotocol.c(21): warning:  #177-D: variable "receivedCharBufferLength"  was declared but never referenced
  static unsigned short receivedCharBufferLength = 0;
..\USER\Modbus\Src\rtu\rtuprotocol.c(23): warning:  #177-D: variable "buffer"  was declared but never referenced
  static unsigned char buffer;
..\USER\Modbus\Src\rtu\rtuprotocol.c(26): warning:  #177-D: variable "started"  was declared but never referenced
  static unsigned short started = 0;
..\USER\Modbus\Src\rtu\rtuprotocol.c: 9 warnings, 0 errors
compiling stm32f1xx_hal_tim.c...
compiling stm32f1xx_hal_cortex.c...
compiling stm32f1xx_hal_dma.c...
compiling stm32f1xx_hal_pwr.c...
compiling stm32f1xx_hal_exti.c...
compiling stm32f1xx_hal_flash_ex.c...
compiling stm32f1xx_hal_flash.c...
compiling system_stm32f1xx.c...
compiling stm32f1xx_hal_uart.c...
linking...
custom-modbus-slave-master\custom-modbus-slave-master.axf: Error: L6200E: Symbol MASTER_NODE_ADDRESS multiply defined (by rtuprotocol.o and serial.o).
custom-modbus-slave-master\custom-modbus-slave-master.axf: Error: L6200E: Symbol MAX_SLAVE_NODE_ADDRESS multiply defined (by rtuprotocol.o and serial.o).
custom-modbus-slave-master\custom-modbus-slave-master.axf: Error: L6200E: Symbol MIN_SLAVE_NODE_ADDRESS multiply defined (by rtuprotocol.o and serial.o).
custom-modbus-slave-master\custom-modbus-slave-master.axf: Error: L6200E: Symbol RTU_FRAME_ADDRESS_CHAR_OFFSET multiply defined (by rtuprotocol.o and serial.o).
custom-modbus-slave-master\custom-modbus-slave-master.axf: Error: L6200E: Symbol RTU_FRAME_ADDRESS_CHAR_SIZE multiply defined (by rtuprotocol.o and serial.o).
custom-modbus-slave-master\custom-modbus-slave-master.axf: Error: L6200E: Symbol RTU_FRAME_CHAR_MAXIMUM_SIZE multiply defined (by rtuprotocol.o and serial.o).
custom-modbus-slave-master\custom-modbus-slave-master.axf: Error: L6200E: Symbol RTU_FRAME_CRC_CHAR_SIZE multiply defined (by rtuprotocol.o and serial.o).
custom-modbus-slave-master\custom-modbus-slave-master.axf: Error: L6200E: Symbol RTU_FRAME_DATA_CHAR_MAXIMUM_SIZE multiply defined (by rtuprotocol.o and serial.o).
custom-modbus-slave-master\custom-modbus-slave-master.axf: Error: L6200E: Symbol RTU_FRAME_FUNCTION_CODE_CHAR_SIZE multiply defined (by rtuprotocol.o and serial.o).
custom-modbus-slave-master\custom-modbus-slave-master.axf: Error: L6200E: Symbol SERIAL_BROADCAST_ADDRESS multiply defined (by rtuprotocol.o and serial.o).
custom-modbus-slave-master\custom-modbus-slave-master.axf: Error: L6200E: Symbol init multiply defined (by rtuprotocol.o and serial.o).
Not enough information to list image symbols.
Not enough information to list load addresses in the image map.
Finished: 2 information, 0 warning and 11 error messages.
"custom-modbus-slave-master\custom-modbus-slave-master.axf" - 11 Error(s), 12 Warning(s).
Target not created.
Build Time Elapsed:  00:00:02
